This is pdfTeX, Version 3.141592653-2.6-1.40.25 (MiKTeX 23.10.12) (preloaded format=pdflatex 2023.12.14)  20 MAR 2024 12:02
entering extended mode
 restricted \write18 enabled.
 %&-line parsing enabled.
**C:/Users/PERCY/Documents/GitHub/ImaltoApurimac/reporte4/reporte4.tex
(C:/Users/PERCY/Documents/GitHub/ImaltoApurimac/reporte4/reporte4.tex
LaTeX2e <2023-11-01>
L3 programming layer <2023-12-08>
(C:\Users\PERCY\AppData\Local\Programs\MiKTeX\tex/latex/base\article.cls
Document Class: article 2023/05/17 v1.4n Standard LaTeX document class
(C:\Users\PERCY\AppData\Local\Programs\MiKTeX\tex/latex/base\size12.clo
File: size12.clo 2023/05/17 v1.4n Standard LaTeX file (size option)
)
\c@part=\count187
\c@section=\count188
\c@subsection=\count189
\c@subsubsection=\count190
\c@paragraph=\count191
\c@subparagraph=\count192
\c@figure=\count193
\c@table=\count194
\abovecaptionskip=\skip48
\belowcaptionskip=\skip49
\bibindent=\dimen140
) (C:\Users\PERCY\AppData\Local\Programs\MiKTeX\tex/latex/graphics\graphicx.sty
Package: graphicx 2021/09/16 v1.2d Enhanced LaTeX Graphics (DPC,SPQR)
(C:\Users\PERCY\AppData\Local\Programs\MiKTeX\tex/latex/graphics\keyval.sty
Package: keyval 2022/05/29 v1.15 key=value parser (DPC)
\KV@toks@=\toks17
) (C:\Users\PERCY\AppData\Local\Programs\MiKTeX\tex/latex/graphics\graphics.sty
Package: graphics 2022/03/10 v1.4e Standard LaTeX Graphics (DPC,SPQR)
(C:\Users\PERCY\AppData\Local\Programs\MiKTeX\tex/latex/graphics\trig.sty
Package: trig 2021/08/11 v1.11 sin cos tan (DPC)
)
(C:\Users\PERCY\AppData\Local\Programs\MiKTeX\tex/latex/graphics-cfg\graphics.c
fg
File: graphics.cfg 2016/06/04 v1.11 sample graphics configuration
)
Package graphics Info: Driver file: pdftex.def on input line 107.

(C:\Users\PERCY\AppData\Local\Programs\MiKTeX\tex/latex/graphics-def\pdftex.def
File: pdftex.def 2022/09/22 v1.2b Graphics/color driver for pdftex
))
\Gin@req@height=\dimen141
\Gin@req@width=\dimen142
) (C:\Users\PERCY\AppData\Local\Programs\MiKTeX\tex/latex/xcolor\xcolor.sty
Package: xcolor 2023/11/15 v3.01 LaTeX color extensions (UK)
(C:\Users\PERCY\AppData\Local\Programs\MiKTeX\tex/latex/graphics-cfg\color.cfg
File: color.cfg 2016/01/02 v1.6 sample color configuration
)
Package xcolor Info: Driver file: pdftex.def on input line 274.
(C:\Users\PERCY\AppData\Local\Programs\MiKTeX\tex/latex/graphics\mathcolor.ltx)
Package xcolor Info: Model `cmy' substituted by `cmy0' on input line 1350.
Package xcolor Info: Model `hsb' substituted by `rgb' on input line 1354.
Package xcolor Info: Model `RGB' extended on input line 1366.
Package xcolor Info: Model `HTML' substituted by `rgb' on input line 1368.
Package xcolor Info: Model `Hsb' substituted by `hsb' on input line 1369.
Package xcolor Info: Model `tHsb' substituted by `hsb' on input line 1370.
Package xcolor Info: Model `HSB' substituted by `hsb' on input line 1371.
Package xcolor Info: Model `Gray' substituted by `gray' on input line 1372.
Package xcolor Info: Model `wave' substituted by `hsb' on input line 1373.
) (C:\Users\PERCY\AppData\Local\Programs\MiKTeX\tex/latex/framed\framed.sty
Package: framed 2011/10/22 v 0.96: framed or shaded text with page breaks
\OuterFrameSep=\skip50
\fb@frw=\dimen143
\fb@frh=\dimen144
\FrameRule=\dimen145
\FrameSep=\dimen146
) (C:\Users\PERCY\AppData\Local\Programs\MiKTeX\tex/latex/base\alltt.sty
Package: alltt 2021/01/29 v2.0g defines alltt environment
) (settings/paquetes.tex (C:\Users\PERCY\AppData\Local\Programs\MiKTeX\tex/gene
ric/babel\babel.sty
Package: babel 2023/12/06 v3.98 The Babel package
\babel@savecnt=\count195
\U@D=\dimen147
\l@unhyphenated=\language79
(C:\Users\PERCY\AppData\Local\Programs\MiKTeX\tex/generic/babel\txtbabel.def)
\bbl@readstream=\read2
\bbl@dirlevel=\count196
*************************************
* Local config file bblopts.cfg used
*
(C:\Users\PERCY\AppData\Local\Programs\MiKTeX\tex/latex/arabi\bblopts.cfg
File: bblopts.cfg 2005/09/08 v0.1 add Arabic and Farsi to "declared" options of
 babel
)
(C:\Users\PERCY\AppData\Local\Programs\MiKTeX\tex/latex/babel-spanish\spanish.l
df
Language: spanish.ldf 2021/05/27 v5.0q Spanish support from the babel system
\es@quottoks=\toks18
\es@quotdepth=\count197
Package babel Info: Making " an active character on input line 570.
Package babel Info: Making < an active character on input line 722.
Package babel Info: Making > an active character on input line 722.
))
(C:\Users\PERCY\AppData\Local\Programs\MiKTeX\tex/generic/babel/locale/es\babel
-spanish.tex
Package babel Info: Importing font and identification data for spanish
(babel)             from babel-es.ini. Reported on input line 11.
) (C:\Users\PERCY\AppData\Local\Programs\MiKTeX\tex/latex/base\inputenc.sty
Package: inputenc 2021/02/14 v1.3d Input encoding file
\inpenc@prehook=\toks19
\inpenc@posthook=\toks20
) (C:\Users\PERCY\AppData\Local\Programs\MiKTeX\tex/latex/multirow\multirow.sty
Package: multirow 2021/03/15 v2.8 Span multiple rows of a table
\multirow@colwidth=\skip51
\multirow@cntb=\count198
\multirow@dima=\skip52
\bigstrutjot=\dimen148
) (C:\Users\PERCY\AppData\Local\Programs\MiKTeX\tex/latex/tools\array.sty
Package: array 2023/10/16 v2.5g Tabular extension package (FMi)
\col@sep=\dimen149
\ar@mcellbox=\box51
\extrarowheight=\dimen150
\NC@list=\toks21
\extratabsurround=\skip53
\backup@length=\skip54
\ar@cellbox=\box52
) (C:\Users\PERCY\AppData\Local\Programs\MiKTeX\tex/latex/fancyhdr\fancyhdr.sty
Package: fancyhdr 2022/11/09 v4.1 Extensive control of page headers and footers

\f@nch@headwidth=\skip55
\f@nch@O@elh=\skip56
\f@nch@O@erh=\skip57
\f@nch@O@olh=\skip58
\f@nch@O@orh=\skip59
\f@nch@O@elf=\skip60
\f@nch@O@erf=\skip61
\f@nch@O@olf=\skip62
\f@nch@O@orf=\skip63
) (C:\Users\PERCY\AppData\Local\Programs\MiKTeX\tex/latex/geometry\geometry.sty
Package: geometry 2020/01/02 v5.9 Page Geometry
(C:\Users\PERCY\AppData\Local\Programs\MiKTeX\tex/generic/iftex\ifvtex.sty
Package: ifvtex 2019/10/25 v1.7 ifvtex legacy package. Use iftex instead.
(C:\Users\PERCY\AppData\Local\Programs\MiKTeX\tex/generic/iftex\iftex.sty
Package: iftex 2022/02/03 v1.0f TeX engine tests
))
\Gm@cnth=\count199
\Gm@cntv=\count266
\c@Gm@tempcnt=\count267
\Gm@bindingoffset=\dimen151
\Gm@wd@mp=\dimen152
\Gm@odd@mp=\dimen153
\Gm@even@mp=\dimen154
\Gm@layoutwidth=\dimen155
\Gm@layoutheight=\dimen156
\Gm@layouthoffset=\dimen157
\Gm@layoutvoffset=\dimen158
\Gm@dimlist=\toks22
(C:\Users\PERCY\AppData\Local\Programs\MiKTeX\tex/latex/geometry\geometry.cfg))
(C:\Users\PERCY\AppData\Local\Programs\MiKTeX\tex/latex/colortbl\colortbl.sty
Package: colortbl 2022/06/20 v1.0f Color table columns (DPC)
\everycr=\toks23
\minrowclearance=\skip64
\rownum=\count268
)
(C:\Users\PERCY\AppData\Local\Programs\MiKTeX\tex/latex/datetime2\datetime2.sty
Package: datetime2 2021/03/21 v1.5.7 (NLCT) date and time formats

(C:\Users\PERCY\AppData\Local\Programs\MiKTeX\tex/latex/tracklang\tracklang.sty
Package: tracklang 2022/12/13 v1.6.1 (NLCT) Track Languages

(C:\Users\PERCY\AppData\Local\Programs\MiKTeX\tex/generic/tracklang\tracklang.t
ex)) (C:\Users\PERCY\AppData\Local\Programs\MiKTeX\tex/latex/etoolbox\etoolbox.
sty
Package: etoolbox 2020/10/05 v2.5k e-TeX tools for LaTeX (JAW)
\etb@tempcnta=\count269
) (C:\Users\PERCY\AppData\Local\Programs\MiKTeX\tex/latex/xkeyval\xkeyval.sty
Package: xkeyval 2022/06/16 v2.9 package option processing (HA)
(C:\Users\PERCY\AppData\Local\Programs\MiKTeX\tex/generic/xkeyval\xkeyval.tex (
C:\Users\PERCY\AppData\Local\Programs\MiKTeX\tex/generic/xkeyval\xkvutils.tex
\XKV@toks=\toks24
\XKV@tempa@toks=\toks25
)
\XKV@depth=\count270
File: xkeyval.tex 2014/12/03 v2.7a key=value parser (HA)
))
(C:\Users\PERCY\AppData\Local\Programs\MiKTeX\tex/latex/datetime2-spanish\datet
ime2-spanish.ldf
File: datetime2-spanish.ldf 2017/11/13 v1.1
(C:\Users\PERCY\AppData\Local\Programs\MiKTeX\tex/generic/iftex\ifxetex.sty
Package: ifxetex 2019/10/25 v0.7 ifxetex legacy package. Use iftex instead.
) (C:\Users\PERCY\AppData\Local\Programs\MiKTeX\tex/generic/iftex\ifluatex.sty
Package: ifluatex 2019/10/25 v1.5 ifluatex legacy package. Use iftex instead.
)
(C:\Users\PERCY\AppData\Local\Programs\MiKTeX\tex/latex/datetime2-spanish\datet
ime2-spanish-ascii.ldf
File: datetime2-spanish-ascii.ldf 2017/11/13 v1.1
))) (C:\Users\PERCY\AppData\Local\Programs\MiKTeX\tex/generic/soul\soul.sty
Package: soul 2023-06-14 v3.1 Permit use of UTF-8 characters in soul (HO)
(C:\Users\PERCY\AppData\Local\Programs\MiKTeX\tex/generic/soul\soul-ori.sty
Package: soul-ori 2023-06-14 v3.1 letterspacing/underlining (mf)
\SOUL@word=\toks26
\SOUL@lasttoken=\toks27
\SOUL@syllable=\toks28
\SOUL@cmds=\toks29
\SOUL@buffer=\toks30
\SOUL@token=\toks31
\SOUL@syllgoal=\dimen159
\SOUL@syllwidth=\dimen160
\SOUL@charkern=\dimen161
\SOUL@hyphkern=\dimen162
\SOUL@dimen=\dimen163
\SOUL@dimeni=\dimen164
\SOUL@minus=\count271
\SOUL@comma=\count272
\SOUL@apo=\count273
\SOUL@grave=\count274
\SOUL@spaceskip=\skip65
\SOUL@ttwidth=\dimen165
\SOUL@uldp=\dimen166
\SOUL@ulht=\dimen167
)
(C:\Users\PERCY\AppData\Local\Programs\MiKTeX\tex/generic/infwarerr\infwarerr.s
ty
Package: infwarerr 2019/12/03 v1.5 Providing info/warning/error messages (HO)
)
(C:\Users\PERCY\AppData\Local\Programs\MiKTeX\tex/generic/etexcmds\etexcmds.sty
Package: etexcmds 2019/12/15 v1.7 Avoid name clashes with e-TeX commands (HO)
)) (C:\Users\PERCY\AppData\Local\Programs\MiKTeX\tex/latex/float\float.sty
Package: float 2001/11/08 v1.3d Float enhancements (AL)
\c@float@type=\count275
\float@exts=\toks32
\float@box=\box53
\@float@everytoks=\toks33
\@floatcapt=\box54
) (C:\Users\PERCY\AppData\Local\Programs\MiKTeX\tex/latex/pdfpages\pdfpages.sty
Package: pdfpages 2022/12/19 v0.5x Insert pages of external PDF documents (AM)
(C:\Users\PERCY\AppData\Local\Programs\MiKTeX\tex/latex/base\ifthen.sty
Package: ifthen 2022/04/13 v1.1d Standard LaTeX ifthen package (DPC)
) (C:\Users\PERCY\AppData\Local\Programs\MiKTeX\tex/latex/tools\calc.sty
Package: calc 2023/07/08 v4.3 Infix arithmetic (KKT,FJ)
\calc@Acount=\count276
\calc@Bcount=\count277
\calc@Adimen=\dimen168
\calc@Bdimen=\dimen169
\calc@Askip=\skip66
\calc@Bskip=\skip67
LaTeX Info: Redefining \setlength on input line 80.
LaTeX Info: Redefining \addtolength on input line 81.
\calc@Ccount=\count278
\calc@Cskip=\skip68
) (C:\Users\PERCY\AppData\Local\Programs\MiKTeX\tex/latex/eso-pic\eso-pic.sty
Package: eso-pic 2023/05/03 v3.0c eso-pic (RN)
\ESO@tempdima=\dimen170
\ESO@tempdimb=\dimen171
)
\AM@pagewidth=\dimen172
\AM@pageheight=\dimen173
\AM@fboxrule=\dimen174
(C:\Users\PERCY\AppData\Local\Programs\MiKTeX\tex/latex/pdfpages\pppdftex.def
File: pppdftex.def 2022/12/19 v0.5x Pdfpages driver for pdfTeX (AM)
)
\pdfpages@includegraphics@status=\count279
\AM@pagebox=\box55
\AM@global@opts=\toks34
\AM@pagecnt=\count280
\AM@toc@title=\toks35
\AM@lof@heading=\toks36
\c@AM@survey=\count281
\AM@templatesizebox=\box56
) (C:\Users\PERCY\AppData\Local\Programs\MiKTeX\tex/latex/enumitem\enumitem.sty
Package: enumitem 2019/06/20 v3.9 Customized lists
\labelindent=\skip69
\enit@outerparindent=\dimen175
\enit@toks=\toks37
\enit@inbox=\box57
\enit@count@id=\count282
\enitdp@description=\count283
)
(C:\Users\PERCY\AppData\Local\Programs\MiKTeX\tex/latex/adjustbox\adjustbox.sty
Package: adjustbox 2022/10/17 v1.3a Adjusting TeX boxes (trim, clip, ...)
(C:\Users\PERCY\AppData\Local\Programs\MiKTeX\tex/latex/adjustbox\adjcalc.sty
Package: adjcalc 2012/05/16 v1.1 Provides advanced setlength with multiple back
-ends (calc, etex, pgfmath)
) (C:\Users\PERCY\AppData\Local\Programs\MiKTeX\tex/latex/adjustbox\trimclip.st
y
Package: trimclip 2020/08/19 v1.2 Trim and clip general TeX material

(C:\Users\PERCY\AppData\Local\Programs\MiKTeX\tex/latex/collectbox\collectbox.s
ty
Package: collectbox 2022/10/17 v0.4c Collect macro arguments as boxes
\collectedbox=\box58
)
\tc@llx=\dimen176
\tc@lly=\dimen177
\tc@urx=\dimen178
\tc@ury=\dimen179
Package trimclip Info: Using driver 'tc-pdftex.def'.

(C:\Users\PERCY\AppData\Local\Programs\MiKTeX\tex/latex/adjustbox\tc-pdftex.def
File: tc-pdftex.def 2019/01/04 v2.2 Clipping driver for pdftex
))
\adjbox@Width=\dimen180
\adjbox@Height=\dimen181
\adjbox@Depth=\dimen182
\adjbox@Totalheight=\dimen183
\adjbox@pwidth=\dimen184
\adjbox@pheight=\dimen185
\adjbox@pdepth=\dimen186
\adjbox@ptotalheight=\dimen187

(C:\Users\PERCY\AppData\Local\Programs\MiKTeX\tex/latex/ifoddpage\ifoddpage.sty
Package: ifoddpage 2022/10/18 v1.2 Conditionals for odd/even page detection
\c@checkoddpage=\count284
) (C:\Users\PERCY\AppData\Local\Programs\MiKTeX\tex/latex/varwidth\varwidth.sty
Package: varwidth 2009/03/30 ver 0.92;  Variable-width minipages
\@vwid@box=\box59
\sift@deathcycles=\count285
\@vwid@loff=\dimen188
\@vwid@roff=\dimen189
)) (C:\Users\PERCY\AppData\Local\Programs\MiKTeX\tex/latex/caption\caption.sty
Package: caption 2023/08/05 v3.6o Customizing captions (AR)
(C:\Users\PERCY\AppData\Local\Programs\MiKTeX\tex/latex/caption\caption3.sty
Package: caption3 2023/07/31 v2.4d caption3 kernel (AR)
\caption@tempdima=\dimen190
\captionmargin=\dimen191
\caption@leftmargin=\dimen192
\caption@rightmargin=\dimen193
\caption@width=\dimen194
\caption@indent=\dimen195
\caption@parindent=\dimen196
\caption@hangindent=\dimen197
Package caption Info: Standard document class detected.
)
\c@caption@flags=\count286
\c@continuedfloat=\count287
Package caption Info: float package is loaded.
) (C:\Users\PERCY\AppData\Local\Programs\MiKTeX\tex/latex/lastpage\lastpage.sty
Package: lastpage 2023/10/14 v2.0e lastpage: 2.09 or 2e? (HMM)

(C:\Users\PERCY\AppData\Local\Programs\MiKTeX\tex/latex/lastpage\lastpage2e.sty
Package: lastpage2e 2023/10/14 v2.0e Decide which 2e lastpage version to use (H
MM)

(C:\Users\PERCY\AppData\Local\Programs\MiKTeX\tex/latex/lastpage\lastpagemodern
.sty
Package: lastpagemodern 2023-10-14 v2.0e Refers to last page's name (HMM; JPG)
\c@lastpagecount=\count288
) 
))) (C:\Users\PERCY\AppData\Local\Programs\MiKTeX\tex/latex/tools\longtable.sty
Package: longtable 2023-11-01 v4.19 Multi-page Table package (DPC)
\LTleft=\skip70
\LTright=\skip71
\LTpre=\skip72
\LTpost=\skip73
\LTchunksize=\count289
\LTcapwidth=\dimen198
\LT@head=\box60
\LT@firsthead=\box61
\LT@foot=\box62
\LT@lastfoot=\box63
\LT@gbox=\box64
\LT@cols=\count290
\LT@rows=\count291
\c@LT@tables=\count292
\c@LT@chunks=\count293
\LT@p@ftn=\toks38
) (settings/comandos.tex) (settings/enpie.tex) (settings/entornos.tex) (C:\User
s\PERCY\AppData\Local\Programs\MiKTeX\tex/latex/upquote\upquote.sty
Package: upquote 2012/04/19 v1.3 upright-quote and grave-accent glyphs in verba
tim
)
(C:\Users\PERCY\AppData\Local\Programs\MiKTeX\tex/latex/l3backend\l3backend-pdf
tex.def
File: l3backend-pdftex.def 2023-11-09 L3 backend support: PDF output (pdfTeX)
\l__color_backend_stack_int=\count294
\l__pdf_internal_box=\box65
) (reporte4.aux
LaTeX Info: Redefining \. on input line 9.
LaTeX Info: Redefining \% on input line 9.
)
\openout1 = `reporte4.aux'.

LaTeX Font Info:    Checking defaults for OML/cmm/m/it on input line 57.
LaTeX Font Info:    ... okay on input line 57.
LaTeX Font Info:    Checking defaults for OMS/cmsy/m/n on input line 57.
LaTeX Font Info:    ... okay on input line 57.
LaTeX Font Info:    Checking defaults for OT1/cmr/m/n on input line 57.
LaTeX Font Info:    ... okay on input line 57.
LaTeX Font Info:    Checking defaults for T1/cmr/m/n on input line 57.
LaTeX Font Info:    ... okay on input line 57.
LaTeX Font Info:    Checking defaults for TS1/cmr/m/n on input line 57.
LaTeX Font Info:    ... okay on input line 57.
LaTeX Font Info:    Checking defaults for OMX/cmex/m/n on input line 57.
LaTeX Font Info:    ... okay on input line 57.
LaTeX Font Info:    Checking defaults for U/cmr/m/n on input line 57.
LaTeX Font Info:    ... okay on input line 57.

(C:\Users\PERCY\AppData\Local\Programs\MiKTeX\tex/context/base/mkii\supp-pdf.mk
ii
[Loading MPS to PDF converter (version 2006.09.02).]
\scratchcounter=\count295
\scratchdimen=\dimen199
\scratchbox=\box66
\nofMPsegments=\count296
\nofMParguments=\count297
\everyMPshowfont=\toks39
\MPscratchCnt=\count298
\MPscratchDim=\dimen256
\MPnumerator=\count299
\makeMPintoPDFobject=\count300
\everyMPtoPDFconversion=\toks40
)
(C:\Users\PERCY\AppData\Local\Programs\MiKTeX\tex/latex/epstopdf-pkg\epstopdf-b
ase.sty
Package: epstopdf-base 2020-01-24 v2.11 Base part for package epstopdf
Package epstopdf-base Info: Redefining graphics rule for `.eps' on input line 4
85.

(C:\Users\PERCY\AppData\Local\Programs\MiKTeX\tex/latex/00miktex\epstopdf-sys.c
fg
File: epstopdf-sys.cfg 2021/03/18 v2.0 Configuration of epstopdf for MiKTeX
))
LaTeX Info: Redefining \. on input line 57.
LaTeX Info: Redefining \% on input line 57.
*geometry* driver: auto-detecting
*geometry* detected driver: pdftex
*geometry* verbose mode - [ preamble ] result:
* driver: pdftex
* paper: <default>
* layout: <same size as paper>
* layoutoffset:(h,v)=(0.0pt,0.0pt)
* modes: 
* h-part:(L,W,R)=(28.45274pt, 528.93675pt, 56.9055pt)
* v-part:(T,H,B)=(142.26378pt, 567.34795pt, 85.35826pt)
* \paperwidth=614.295pt
* \paperheight=794.96999pt
* \textwidth=528.93675pt
* \textheight=567.34795pt
* \oddsidemargin=-43.81725pt
* \evensidemargin=-43.81725pt
* \topmargin=-68.81723pt
* \headheight=113.81102pt
* \headsep=25.0pt
* \topskip=12.0pt
* \footskip=30.0pt
* \marginparwidth=44.0pt
* \marginparsep=10.0pt
* \columnsep=10.0pt
* \skip\footins=10.8pt plus 4.0pt minus 2.0pt
* \hoffset=0.0pt
* \voffset=0.0pt
* \mag=1000
* \@twocolumnfalse
* \@twosidefalse
* \@mparswitchfalse
* \@reversemarginfalse
* (1in=72.27pt=25.4mm, 1cm=28.453pt)


(C:\Users\PERCY\AppData\Local\Programs\MiKTeX\tex/latex/pdflscape\pdflscape.sty
Package: pdflscape 2022-10-27 v0.13 Display of landscape pages in PDF

(C:\Users\PERCY\AppData\Local\Programs\MiKTeX\tex/latex/pdflscape\pdflscape-nom
etadata.sty
Package: pdflscape-nometadata 2022-10-28 v0.13 Display of landscape pages in PD
F (HO)
(C:\Users\PERCY\AppData\Local\Programs\MiKTeX\tex/latex/graphics\lscape.sty
Package: lscape 2020/05/28 v3.02 Landscape Pages (DPC)
)
Package pdflscape Info: Auto-detected driver: pdftex on input line 81.
))
Package caption Info: Begin \AtBeginDocument code.
Package caption Info: longtable package is loaded.
(C:\Users\PERCY\AppData\Local\Programs\MiKTeX\tex/latex/caption\ltcaption.sty
Package: ltcaption 2021/01/08 v1.4c longtable captions (AR)
)
Package caption Info: End \AtBeginDocument code.
(contenido/titulo.tex
<H:/Gore Cusco/img/ima.png, id=1, 149.8097pt x 159.59625pt>
File: H:/Gore Cusco/img/ima.png Graphic file (type png)
<use H:/Gore Cusco/img/ima.png>
Package pdftex.def Info: H:/Gore Cusco/img/ima.png  used on input line 3.
(pdftex.def)             Requested size: 158.68263pt x 169.06161pt.
[1

{C:/Users/PERCY/AppData/Local/MiKTeX/fonts/map/pdftex/pdftex.map} <H:/Gore Cusc
o/img/ima.png>]) (reporte4.toc
LaTeX Info: Redefining \. on input line 1.
LaTeX Info: Redefining \% on input line 1.
)
\tf@toc=\write3
\openout3 = `reporte4.toc'.

LaTeX Font Info:    External font `cmex10' loaded for size
(Font)              <12> on input line 60.
LaTeX Font Info:    External font `cmex10' loaded for size
(Font)              <8> on input line 60.
LaTeX Font Info:    External font `cmex10' loaded for size
(Font)              <6> on input line 60.
<H:/Gore Cusco/img/peru.png, id=12, 1606.0pt x 1606.0pt>
File: H:/Gore Cusco/img/peru.png Graphic file (type png)
<use H:/Gore Cusco/img/peru.png>
Package pdftex.def Info: H:/Gore Cusco/img/peru.png  used on input line 60.
(pdftex.def)             Requested size: 34.13623pt x 56.90189pt.
<H:/Gore Cusco/img/gore.png, id=13, 345.29pt x 147.55125pt>
File: H:/Gore Cusco/img/gore.png Graphic file (type png)
<use H:/Gore Cusco/img/gore.png>
Package pdftex.def Info: H:/Gore Cusco/img/gore.png  used on input line 60.
(pdftex.def)             Requested size: 65.43718pt x 54.05951pt.

Underfull \hbox (badness 10000) has occurred while \output is active
[]|[]\OT1/cmr/bx/n/10.95 Gobierno
 []


Underfull \hbox (badness 2626) has occurred while \output is active
\OT1/cmr/bx/n/10.95 Re-gio-nal de
 []

File: H:/Gore Cusco/img/ima.png Graphic file (type png)
<use H:/Gore Cusco/img/ima.png>
Package pdftex.def Info: H:/Gore Cusco/img/ima.png  used on input line 60.
(pdftex.def)             Requested size: 36.98828pt x 54.05988pt.

Underfull \hbox (badness 1158) has occurred while \output is active
[]|\OT1/cmr/bx/n/10.95 Direcci^^Son de pro-yec-tos Am-
 []


Overfull \hbox (32.40503pt too wide) has occurred while \output is active
 [][] 
 []


Package fancyhdr Warning: \headheight is too small (113.81102pt): 
(fancyhdr)                Make it at least 122.05185pt, for example:
(fancyhdr)                \setlength{\headheight}{122.05185pt}.
(fancyhdr)                You might also make \topmargin smaller to compensate:

(fancyhdr)                \addtolength{\topmargin}{-8.24083pt}.

<H:/Gore Cusco/img/firma.png, id=14, 489.32813pt x 186.6975pt>
File: H:/Gore Cusco/img/firma.png Graphic file (type png)
<use H:/Gore Cusco/img/firma.png>
Package pdftex.def Info: H:/Gore Cusco/img/firma.png  used on input line 60.
(pdftex.def)             Requested size: 195.72777pt x 74.67767pt.

Package fancyhdr Warning: \footskip is too small (30.0pt): 
(fancyhdr)                Make it at least 79.02771pt, for example:
(fancyhdr)                \setlength{\footskip}{79.02771pt}.

[1 <H:/Gore Cusco/img/peru.png> <H:/Gore Cusco/img/gore.png> <H:/Gore Cusco/img
/firma.png>] (reporte4.lot
LaTeX Info: Redefining \. on input line 1.
LaTeX Info: Redefining \% on input line 1.
)
\tf@lot=\write4
\openout4 = `reporte4.lot'.

File: H:/Gore Cusco/img/peru.png Graphic file (type png)
<use H:/Gore Cusco/img/peru.png>
Package pdftex.def Info: H:/Gore Cusco/img/peru.png  used on input line 62.
(pdftex.def)             Requested size: 34.13623pt x 56.90189pt.
File: H:/Gore Cusco/img/gore.png Graphic file (type png)
<use H:/Gore Cusco/img/gore.png>
Package pdftex.def Info: H:/Gore Cusco/img/gore.png  used on input line 62.
(pdftex.def)             Requested size: 65.43718pt x 54.05951pt.

Underfull \hbox (badness 10000) has occurred while \output is active
[]|[]\OT1/cmr/bx/n/10.95 Gobierno
 []


Underfull \hbox (badness 2626) has occurred while \output is active
\OT1/cmr/bx/n/10.95 Re-gio-nal de
 []

File: H:/Gore Cusco/img/ima.png Graphic file (type png)
<use H:/Gore Cusco/img/ima.png>
Package pdftex.def Info: H:/Gore Cusco/img/ima.png  used on input line 62.
(pdftex.def)             Requested size: 36.98828pt x 54.05988pt.

Underfull \hbox (badness 1158) has occurred while \output is active
[]|\OT1/cmr/bx/n/10.95 Direcci^^Son de pro-yec-tos Am-
 []


Overfull \hbox (32.40503pt too wide) has occurred while \output is active
 [][] 
 []


Package fancyhdr Warning: \headheight is too small (113.81102pt): 
(fancyhdr)                Make it at least 122.05185pt, for example:
(fancyhdr)                \setlength{\headheight}{122.05185pt}.
(fancyhdr)                You might also make \topmargin smaller to compensate:

(fancyhdr)                \addtolength{\topmargin}{-8.24083pt}.

File: H:/Gore Cusco/img/firma.png Graphic file (type png)
<use H:/Gore Cusco/img/firma.png>
Package pdftex.def Info: H:/Gore Cusco/img/firma.png  used on input line 62.
(pdftex.def)             Requested size: 195.72777pt x 74.67767pt.

Package fancyhdr Warning: \footskip is too small (30.0pt): 
(fancyhdr)                Make it at least 79.02771pt, for example:
(fancyhdr)                \setlength{\footskip}{79.02771pt}.

[2] (reporte4.lof
LaTeX Info: Redefining \. on input line 1.
LaTeX Info: Redefining \% on input line 1.
File: H:/Gore Cusco/img/peru.png Graphic file (type png)
<use H:/Gore Cusco/img/peru.png>
Package pdftex.def Info: H:/Gore Cusco/img/peru.png  used on input line 37.
(pdftex.def)             Requested size: 34.13623pt x 56.90189pt.
File: H:/Gore Cusco/img/gore.png Graphic file (type png)
<use H:/Gore Cusco/img/gore.png>
Package pdftex.def Info: H:/Gore Cusco/img/gore.png  used on input line 37.
(pdftex.def)             Requested size: 65.43718pt x 54.05951pt.

Underfull \hbox (badness 10000) has occurred while \output is active
[]|[]\OT1/cmr/bx/n/10.95 Gobierno
 []


Underfull \hbox (badness 2626) has occurred while \output is active
\OT1/cmr/bx/n/10.95 Re-gio-nal de
 []

File: H:/Gore Cusco/img/ima.png Graphic file (type png)
<use H:/Gore Cusco/img/ima.png>
Package pdftex.def Info: H:/Gore Cusco/img/ima.png  used on input line 37.
(pdftex.def)             Requested size: 36.98828pt x 54.05988pt.

Underfull \hbox (badness 1158) has occurred while \output is active
[]|\OT1/cmr/bx/n/10.95 Direcci^^Son de pro-yec-tos Am-
 []


Overfull \hbox (32.40503pt too wide) has occurred while \output is active
 [][] 
 []


Package fancyhdr Warning: \headheight is too small (113.81102pt): 
(fancyhdr)                Make it at least 122.05185pt, for example:
(fancyhdr)                \setlength{\headheight}{122.05185pt}.
(fancyhdr)                You might also make \topmargin smaller to compensate:

(fancyhdr)                \addtolength{\topmargin}{-8.24083pt}.

File: H:/Gore Cusco/img/firma.png Graphic file (type png)
<use H:/Gore Cusco/img/firma.png>
Package pdftex.def Info: H:/Gore Cusco/img/firma.png  used on input line 37.
(pdftex.def)             Requested size: 195.72777pt x 74.67767pt.

Package fancyhdr Warning: \footskip is too small (30.0pt): 
(fancyhdr)                Make it at least 79.02771pt, for example:
(fancyhdr)                \setlength{\footskip}{79.02771pt}.

[3])
\tf@lof=\write5
\openout5 = `reporte4.lof'.

File: H:/Gore Cusco/img/peru.png Graphic file (type png)
<use H:/Gore Cusco/img/peru.png>
Package pdftex.def Info: H:/Gore Cusco/img/peru.png  used on input line 64.
(pdftex.def)             Requested size: 34.13623pt x 56.90189pt.
File: H:/Gore Cusco/img/gore.png Graphic file (type png)
<use H:/Gore Cusco/img/gore.png>
Package pdftex.def Info: H:/Gore Cusco/img/gore.png  used on input line 64.
(pdftex.def)             Requested size: 65.43718pt x 54.05951pt.

Underfull \hbox (badness 10000) has occurred while \output is active
[]|[]\OT1/cmr/bx/n/10.95 Gobierno
 []


Underfull \hbox (badness 2626) has occurred while \output is active
\OT1/cmr/bx/n/10.95 Re-gio-nal de
 []

File: H:/Gore Cusco/img/ima.png Graphic file (type png)
<use H:/Gore Cusco/img/ima.png>
Package pdftex.def Info: H:/Gore Cusco/img/ima.png  used on input line 64.
(pdftex.def)             Requested size: 36.98828pt x 54.05988pt.

Underfull \hbox (badness 1158) has occurred while \output is active
[]|\OT1/cmr/bx/n/10.95 Direcci^^Son de pro-yec-tos Am-
 []


Overfull \hbox (32.40503pt too wide) has occurred while \output is active
 [][] 
 []


Package fancyhdr Warning: \headheight is too small (113.81102pt): 
(fancyhdr)                Make it at least 122.05185pt, for example:
(fancyhdr)                \setlength{\headheight}{122.05185pt}.
(fancyhdr)                You might also make \topmargin smaller to compensate:

(fancyhdr)                \addtolength{\topmargin}{-8.24083pt}.

File: H:/Gore Cusco/img/firma.png Graphic file (type png)
<use H:/Gore Cusco/img/firma.png>
Package pdftex.def Info: H:/Gore Cusco/img/firma.png  used on input line 64.
(pdftex.def)             Requested size: 195.72777pt x 74.67767pt.

Package fancyhdr Warning: \footskip is too small (30.0pt): 
(fancyhdr)                Make it at least 79.02771pt, for example:
(fancyhdr)                \setlength{\footskip}{79.02771pt}.

[4]
<figure/uno-1.pdf, id=33, 289.08pt x 216.81pt>
File: figure/uno-1.pdf Graphic file (type pdf)
<use figure/uno-1.pdf>
Package pdftex.def Info: figure/uno-1.pdf  used on input line 74.
(pdftex.def)             Requested size: 289.07928pt x 216.81938pt.

Underfull \hbox (badness 10000) in paragraph at lines 65--77

 []


Underfull \hbox (badness 10000) in paragraph at lines 65--77

 []

<figure/dos-1.pdf, id=34, 361.35pt x 433.62pt>
File: figure/dos-1.pdf Graphic file (type pdf)
<use figure/dos-1.pdf>
Package pdftex.def Info: figure/dos-1.pdf  used on input line 85.
(pdftex.def)             Requested size: 361.34912pt x 433.61894pt.
File: H:/Gore Cusco/img/peru.png Graphic file (type png)
<use H:/Gore Cusco/img/peru.png>
Package pdftex.def Info: H:/Gore Cusco/img/peru.png  used on input line 90.
(pdftex.def)             Requested size: 34.13623pt x 56.90189pt.
File: H:/Gore Cusco/img/gore.png Graphic file (type png)
<use H:/Gore Cusco/img/gore.png>
Package pdftex.def Info: H:/Gore Cusco/img/gore.png  used on input line 90.
(pdftex.def)             Requested size: 65.43718pt x 54.05951pt.

Underfull \hbox (badness 10000) has occurred while \output is active
[]|[]\OT1/cmr/bx/n/10.95 Gobierno
 []


Underfull \hbox (badness 2626) has occurred while \output is active
\OT1/cmr/bx/n/10.95 Re-gio-nal de
 []

File: H:/Gore Cusco/img/ima.png Graphic file (type png)
<use H:/Gore Cusco/img/ima.png>
Package pdftex.def Info: H:/Gore Cusco/img/ima.png  used on input line 90.
(pdftex.def)             Requested size: 36.98828pt x 54.05988pt.

Underfull \hbox (badness 1158) has occurred while \output is active
[]|\OT1/cmr/bx/n/10.95 Direcci^^Son de pro-yec-tos Am-
 []


Overfull \hbox (32.40503pt too wide) has occurred while \output is active
 [][] 
 []


Package fancyhdr Warning: \headheight is too small (113.81102pt): 
(fancyhdr)                Make it at least 122.05185pt, for example:
(fancyhdr)                \setlength{\headheight}{122.05185pt}.
(fancyhdr)                You might also make \topmargin smaller to compensate:

(fancyhdr)                \addtolength{\topmargin}{-8.24083pt}.

File: H:/Gore Cusco/img/firma.png Graphic file (type png)
<use H:/Gore Cusco/img/firma.png>
Package pdftex.def Info: H:/Gore Cusco/img/firma.png  used on input line 90.
(pdftex.def)             Requested size: 195.72777pt x 74.67767pt.

Package fancyhdr Warning: \footskip is too small (30.0pt): 
(fancyhdr)                Make it at least 79.02771pt, for example:
(fancyhdr)                \setlength{\footskip}{79.02771pt}.

[5 <./figure/uno-1.pdf>]
<figure/tres-1.pdf, id=43, 361.35pt x 216.81pt>
File: figure/tres-1.pdf Graphic file (type pdf)
<use figure/tres-1.pdf>
Package pdftex.def Info: figure/tres-1.pdf  used on input line 100.
(pdftex.def)             Requested size: 361.34912pt x 216.80946pt.
File: H:/Gore Cusco/img/peru.png Graphic file (type png)
<use H:/Gore Cusco/img/peru.png>
Package pdftex.def Info: H:/Gore Cusco/img/peru.png  used on input line 103.
(pdftex.def)             Requested size: 34.13623pt x 56.90189pt.
File: H:/Gore Cusco/img/gore.png Graphic file (type png)
<use H:/Gore Cusco/img/gore.png>
Package pdftex.def Info: H:/Gore Cusco/img/gore.png  used on input line 103.
(pdftex.def)             Requested size: 65.43718pt x 54.05951pt.

Underfull \hbox (badness 10000) has occurred while \output is active
[]|[]\OT1/cmr/bx/n/10.95 Gobierno
 []


Underfull \hbox (badness 2626) has occurred while \output is active
\OT1/cmr/bx/n/10.95 Re-gio-nal de
 []

File: H:/Gore Cusco/img/ima.png Graphic file (type png)
<use H:/Gore Cusco/img/ima.png>
Package pdftex.def Info: H:/Gore Cusco/img/ima.png  used on input line 103.
(pdftex.def)             Requested size: 36.98828pt x 54.05988pt.

Underfull \hbox (badness 1158) has occurred while \output is active
[]|\OT1/cmr/bx/n/10.95 Direcci^^Son de pro-yec-tos Am-
 []


Overfull \hbox (32.40503pt too wide) has occurred while \output is active
 [][] 
 []


Package fancyhdr Warning: \headheight is too small (113.81102pt): 
(fancyhdr)                Make it at least 122.05185pt, for example:
(fancyhdr)                \setlength{\headheight}{122.05185pt}.
(fancyhdr)                You might also make \topmargin smaller to compensate:

(fancyhdr)                \addtolength{\topmargin}{-8.24083pt}.

File: H:/Gore Cusco/img/firma.png Graphic file (type png)
<use H:/Gore Cusco/img/firma.png>
Package pdftex.def Info: H:/Gore Cusco/img/firma.png  used on input line 103.
(pdftex.def)             Requested size: 195.72777pt x 74.67767pt.

Package fancyhdr Warning: \footskip is too small (30.0pt): 
(fancyhdr)                Make it at least 79.02771pt, for example:
(fancyhdr)                \setlength{\footskip}{79.02771pt}.

[6 <./figure/dos-1.pdf>]
<figure/cuatro-1.pdf, id=53, 361.35pt x 433.62pt>
File: figure/cuatro-1.pdf Graphic file (type pdf)
<use figure/cuatro-1.pdf>
Package pdftex.def Info: figure/cuatro-1.pdf  used on input line 110.
(pdftex.def)             Requested size: 361.34912pt x 433.61894pt.
File: H:/Gore Cusco/img/peru.png Graphic file (type png)
<use H:/Gore Cusco/img/peru.png>
Package pdftex.def Info: H:/Gore Cusco/img/peru.png  used on input line 114.
(pdftex.def)             Requested size: 34.13623pt x 56.90189pt.
File: H:/Gore Cusco/img/gore.png Graphic file (type png)
<use H:/Gore Cusco/img/gore.png>
Package pdftex.def Info: H:/Gore Cusco/img/gore.png  used on input line 114.
(pdftex.def)             Requested size: 65.43718pt x 54.05951pt.

Underfull \hbox (badness 10000) has occurred while \output is active
[]|[]\OT1/cmr/bx/n/10.95 Gobierno
 []


Underfull \hbox (badness 2626) has occurred while \output is active
\OT1/cmr/bx/n/10.95 Re-gio-nal de
 []

File: H:/Gore Cusco/img/ima.png Graphic file (type png)
<use H:/Gore Cusco/img/ima.png>
Package pdftex.def Info: H:/Gore Cusco/img/ima.png  used on input line 114.
(pdftex.def)             Requested size: 36.98828pt x 54.05988pt.

Underfull \hbox (badness 1158) has occurred while \output is active
[]|\OT1/cmr/bx/n/10.95 Direcci^^Son de pro-yec-tos Am-
 []


Overfull \hbox (32.40503pt too wide) has occurred while \output is active
 [][] 
 []


Package fancyhdr Warning: \headheight is too small (113.81102pt): 
(fancyhdr)                Make it at least 122.05185pt, for example:
(fancyhdr)                \setlength{\headheight}{122.05185pt}.
(fancyhdr)                You might also make \topmargin smaller to compensate:

(fancyhdr)                \addtolength{\topmargin}{-8.24083pt}.

File: H:/Gore Cusco/img/firma.png Graphic file (type png)
<use H:/Gore Cusco/img/firma.png>
Package pdftex.def Info: H:/Gore Cusco/img/firma.png  used on input line 114.
(pdftex.def)             Requested size: 195.72777pt x 74.67767pt.

Package fancyhdr Warning: \footskip is too small (30.0pt): 
(fancyhdr)                Make it at least 79.02771pt, for example:
(fancyhdr)                \setlength{\footskip}{79.02771pt}.

[7 <./figure/tres-1.pdf>]
<figure/cinco-1.pdf, id=62, 361.35pt x 216.81pt>
File: figure/cinco-1.pdf Graphic file (type pdf)
<use figure/cinco-1.pdf>
Package pdftex.def Info: figure/cinco-1.pdf  used on input line 121.
(pdftex.def)             Requested size: 361.34912pt x 216.80946pt.
File: H:/Gore Cusco/img/peru.png Graphic file (type png)
<use H:/Gore Cusco/img/peru.png>
Package pdftex.def Info: H:/Gore Cusco/img/peru.png  used on input line 125.
(pdftex.def)             Requested size: 34.13623pt x 56.90189pt.
File: H:/Gore Cusco/img/gore.png Graphic file (type png)
<use H:/Gore Cusco/img/gore.png>
Package pdftex.def Info: H:/Gore Cusco/img/gore.png  used on input line 125.
(pdftex.def)             Requested size: 65.43718pt x 54.05951pt.

Underfull \hbox (badness 10000) has occurred while \output is active
[]|[]\OT1/cmr/bx/n/10.95 Gobierno
 []


Underfull \hbox (badness 2626) has occurred while \output is active
\OT1/cmr/bx/n/10.95 Re-gio-nal de
 []

File: H:/Gore Cusco/img/ima.png Graphic file (type png)
<use H:/Gore Cusco/img/ima.png>
Package pdftex.def Info: H:/Gore Cusco/img/ima.png  used on input line 125.
(pdftex.def)             Requested size: 36.98828pt x 54.05988pt.

Underfull \hbox (badness 1158) has occurred while \output is active
[]|\OT1/cmr/bx/n/10.95 Direcci^^Son de pro-yec-tos Am-
 []


Overfull \hbox (32.40503pt too wide) has occurred while \output is active
 [][] 
 []


Package fancyhdr Warning: \headheight is too small (113.81102pt): 
(fancyhdr)                Make it at least 122.05185pt, for example:
(fancyhdr)                \setlength{\headheight}{122.05185pt}.
(fancyhdr)                You might also make \topmargin smaller to compensate:

(fancyhdr)                \addtolength{\topmargin}{-8.24083pt}.

File: H:/Gore Cusco/img/firma.png Graphic file (type png)
<use H:/Gore Cusco/img/firma.png>
Package pdftex.def Info: H:/Gore Cusco/img/firma.png  used on input line 125.
(pdftex.def)             Requested size: 195.72777pt x 74.67767pt.

Package fancyhdr Warning: \footskip is too small (30.0pt): 
(fancyhdr)                Make it at least 79.02771pt, for example:
(fancyhdr)                \setlength{\footskip}{79.02771pt}.

[8 <./figure/cuatro-1.pdf>]
<figure/seis-1.pdf, id=71, 361.35pt x 216.81pt>
File: figure/seis-1.pdf Graphic file (type pdf)
<use figure/seis-1.pdf>
Package pdftex.def Info: figure/seis-1.pdf  used on input line 132.
(pdftex.def)             Requested size: 361.34912pt x 216.80946pt.
File: H:/Gore Cusco/img/peru.png Graphic file (type png)
<use H:/Gore Cusco/img/peru.png>
Package pdftex.def Info: H:/Gore Cusco/img/peru.png  used on input line 136.
(pdftex.def)             Requested size: 34.13623pt x 56.90189pt.
File: H:/Gore Cusco/img/gore.png Graphic file (type png)
<use H:/Gore Cusco/img/gore.png>
Package pdftex.def Info: H:/Gore Cusco/img/gore.png  used on input line 136.
(pdftex.def)             Requested size: 65.43718pt x 54.05951pt.

Underfull \hbox (badness 10000) has occurred while \output is active
[]|[]\OT1/cmr/bx/n/10.95 Gobierno
 []


Underfull \hbox (badness 2626) has occurred while \output is active
\OT1/cmr/bx/n/10.95 Re-gio-nal de
 []

File: H:/Gore Cusco/img/ima.png Graphic file (type png)
<use H:/Gore Cusco/img/ima.png>
Package pdftex.def Info: H:/Gore Cusco/img/ima.png  used on input line 136.
(pdftex.def)             Requested size: 36.98828pt x 54.05988pt.

Underfull \hbox (badness 1158) has occurred while \output is active
[]|\OT1/cmr/bx/n/10.95 Direcci^^Son de pro-yec-tos Am-
 []


Overfull \hbox (32.40503pt too wide) has occurred while \output is active
 [][] 
 []


Package fancyhdr Warning: \headheight is too small (113.81102pt): 
(fancyhdr)                Make it at least 122.05185pt, for example:
(fancyhdr)                \setlength{\headheight}{122.05185pt}.
(fancyhdr)                You might also make \topmargin smaller to compensate:

(fancyhdr)                \addtolength{\topmargin}{-8.24083pt}.

File: H:/Gore Cusco/img/firma.png Graphic file (type png)
<use H:/Gore Cusco/img/firma.png>
Package pdftex.def Info: H:/Gore Cusco/img/firma.png  used on input line 136.
(pdftex.def)             Requested size: 195.72777pt x 74.67767pt.

Package fancyhdr Warning: \footskip is too small (30.0pt): 
(fancyhdr)                Make it at least 79.02771pt, for example:
(fancyhdr)                \setlength{\footskip}{79.02771pt}.

[9 <./figure/cinco-1.pdf>]
<figure/siete-1.pdf, id=80, 578.16pt x 361.35pt>
File: figure/siete-1.pdf Graphic file (type pdf)
<use figure/siete-1.pdf>
Package pdftex.def Info: figure/siete-1.pdf  used on input line 143.
(pdftex.def)             Requested size: 528.93675pt x 330.60445pt.

Underfull \hbox (badness 10000) in paragraph at lines 136--146

 []

File: H:/Gore Cusco/img/peru.png Graphic file (type png)
<use H:/Gore Cusco/img/peru.png>
Package pdftex.def Info: H:/Gore Cusco/img/peru.png  used on input line 147.
(pdftex.def)             Requested size: 34.13623pt x 56.90189pt.
File: H:/Gore Cusco/img/gore.png Graphic file (type png)
<use H:/Gore Cusco/img/gore.png>
Package pdftex.def Info: H:/Gore Cusco/img/gore.png  used on input line 147.
(pdftex.def)             Requested size: 65.43718pt x 54.05951pt.

Underfull \hbox (badness 10000) has occurred while \output is active
[]|[]\OT1/cmr/bx/n/10.95 Gobierno
 []


Underfull \hbox (badness 2626) has occurred while \output is active
\OT1/cmr/bx/n/10.95 Re-gio-nal de
 []

File: H:/Gore Cusco/img/ima.png Graphic file (type png)
<use H:/Gore Cusco/img/ima.png>
Package pdftex.def Info: H:/Gore Cusco/img/ima.png  used on input line 147.
(pdftex.def)             Requested size: 36.98828pt x 54.05988pt.

Underfull \hbox (badness 1158) has occurred while \output is active
[]|\OT1/cmr/bx/n/10.95 Direcci^^Son de pro-yec-tos Am-
 []


Overfull \hbox (32.40503pt too wide) has occurred while \output is active
 [][] 
 []


Package fancyhdr Warning: \headheight is too small (113.81102pt): 
(fancyhdr)                Make it at least 122.05185pt, for example:
(fancyhdr)                \setlength{\headheight}{122.05185pt}.
(fancyhdr)                You might also make \topmargin smaller to compensate:

(fancyhdr)                \addtolength{\topmargin}{-8.24083pt}.

File: H:/Gore Cusco/img/firma.png Graphic file (type png)
<use H:/Gore Cusco/img/firma.png>
Package pdftex.def Info: H:/Gore Cusco/img/firma.png  used on input line 147.
(pdftex.def)             Requested size: 195.72777pt x 74.67767pt.

Package fancyhdr Warning: \footskip is too small (30.0pt): 
(fancyhdr)                Make it at least 79.02771pt, for example:
(fancyhdr)                \setlength{\footskip}{79.02771pt}.

[10 <./figure/seis-1.pdf>]
<figure/ocho-1.pdf, id=89, 578.16pt x 361.35pt>
File: figure/ocho-1.pdf Graphic file (type pdf)
<use figure/ocho-1.pdf>
Package pdftex.def Info: figure/ocho-1.pdf  used on input line 154.
(pdftex.def)             Requested size: 528.93675pt x 330.60445pt.

Underfull \hbox (badness 10000) in paragraph at lines 147--157

 []

File: H:/Gore Cusco/img/peru.png Graphic file (type png)
<use H:/Gore Cusco/img/peru.png>
Package pdftex.def Info: H:/Gore Cusco/img/peru.png  used on input line 158.
(pdftex.def)             Requested size: 34.13623pt x 56.90189pt.
File: H:/Gore Cusco/img/gore.png Graphic file (type png)
<use H:/Gore Cusco/img/gore.png>
Package pdftex.def Info: H:/Gore Cusco/img/gore.png  used on input line 158.
(pdftex.def)             Requested size: 65.43718pt x 54.05951pt.

Underfull \hbox (badness 10000) has occurred while \output is active
[]|[]\OT1/cmr/bx/n/10.95 Gobierno
 []


Underfull \hbox (badness 2626) has occurred while \output is active
\OT1/cmr/bx/n/10.95 Re-gio-nal de
 []

File: H:/Gore Cusco/img/ima.png Graphic file (type png)
<use H:/Gore Cusco/img/ima.png>
Package pdftex.def Info: H:/Gore Cusco/img/ima.png  used on input line 158.
(pdftex.def)             Requested size: 36.98828pt x 54.05988pt.

Underfull \hbox (badness 1158) has occurred while \output is active
[]|\OT1/cmr/bx/n/10.95 Direcci^^Son de pro-yec-tos Am-
 []


Overfull \hbox (32.40503pt too wide) has occurred while \output is active
 [][] 
 []


Package fancyhdr Warning: \headheight is too small (113.81102pt): 
(fancyhdr)                Make it at least 122.05185pt, for example:
(fancyhdr)                \setlength{\headheight}{122.05185pt}.
(fancyhdr)                You might also make \topmargin smaller to compensate:

(fancyhdr)                \addtolength{\topmargin}{-8.24083pt}.

File: H:/Gore Cusco/img/firma.png Graphic file (type png)
<use H:/Gore Cusco/img/firma.png>
Package pdftex.def Info: H:/Gore Cusco/img/firma.png  used on input line 158.
(pdftex.def)             Requested size: 195.72777pt x 74.67767pt.

Package fancyhdr Warning: \footskip is too small (30.0pt): 
(fancyhdr)                Make it at least 79.02771pt, for example:
(fancyhdr)                \setlength{\footskip}{79.02771pt}.

[11 <./figure/siete-1.pdf>]
<figure/nueve-1.pdf, id=98, 361.35pt x 505.89pt>
File: figure/nueve-1.pdf Graphic file (type pdf)
<use figure/nueve-1.pdf>
Package pdftex.def Info: figure/nueve-1.pdf  used on input line 165.
(pdftex.def)             Requested size: 361.34912pt x 505.88875pt.

Underfull \hbox (badness 10000) in paragraph at lines 158--168

 []

File: H:/Gore Cusco/img/peru.png Graphic file (type png)
<use H:/Gore Cusco/img/peru.png>
Package pdftex.def Info: H:/Gore Cusco/img/peru.png  used on input line 169.
(pdftex.def)             Requested size: 34.13623pt x 56.90189pt.
File: H:/Gore Cusco/img/gore.png Graphic file (type png)
<use H:/Gore Cusco/img/gore.png>
Package pdftex.def Info: H:/Gore Cusco/img/gore.png  used on input line 169.
(pdftex.def)             Requested size: 65.43718pt x 54.05951pt.

Underfull \hbox (badness 10000) has occurred while \output is active
[]|[]\OT1/cmr/bx/n/10.95 Gobierno
 []


Underfull \hbox (badness 2626) has occurred while \output is active
\OT1/cmr/bx/n/10.95 Re-gio-nal de
 []

File: H:/Gore Cusco/img/ima.png Graphic file (type png)
<use H:/Gore Cusco/img/ima.png>
Package pdftex.def Info: H:/Gore Cusco/img/ima.png  used on input line 169.
(pdftex.def)             Requested size: 36.98828pt x 54.05988pt.

Underfull \hbox (badness 1158) has occurred while \output is active
[]|\OT1/cmr/bx/n/10.95 Direcci^^Son de pro-yec-tos Am-
 []


Overfull \hbox (32.40503pt too wide) has occurred while \output is active
 [][] 
 []


Package fancyhdr Warning: \headheight is too small (113.81102pt): 
(fancyhdr)                Make it at least 122.05185pt, for example:
(fancyhdr)                \setlength{\headheight}{122.05185pt}.
(fancyhdr)                You might also make \topmargin smaller to compensate:

(fancyhdr)                \addtolength{\topmargin}{-8.24083pt}.

File: H:/Gore Cusco/img/firma.png Graphic file (type png)
<use H:/Gore Cusco/img/firma.png>
Package pdftex.def Info: H:/Gore Cusco/img/firma.png  used on input line 169.
(pdftex.def)             Requested size: 195.72777pt x 74.67767pt.

Package fancyhdr Warning: \footskip is too small (30.0pt): 
(fancyhdr)                Make it at least 79.02771pt, for example:
(fancyhdr)                \setlength{\footskip}{79.02771pt}.

[12 <./figure/ocho-1.pdf>]
<figure/once-1.pdf, id=108, 578.16pt x 216.81pt>
File: figure/once-1.pdf Graphic file (type pdf)
<use figure/once-1.pdf>
Package pdftex.def Info: figure/once-1.pdf  used on input line 176.
(pdftex.def)             Requested size: 528.93675pt x 198.36266pt.

Underfull \hbox (badness 10000) in paragraph at lines 169--179

 []

File: H:/Gore Cusco/img/peru.png Graphic file (type png)
<use H:/Gore Cusco/img/peru.png>
Package pdftex.def Info: H:/Gore Cusco/img/peru.png  used on input line 179.
(pdftex.def)             Requested size: 34.13623pt x 56.90189pt.
File: H:/Gore Cusco/img/gore.png Graphic file (type png)
<use H:/Gore Cusco/img/gore.png>
Package pdftex.def Info: H:/Gore Cusco/img/gore.png  used on input line 179.
(pdftex.def)             Requested size: 65.43718pt x 54.05951pt.

Underfull \hbox (badness 10000) has occurred while \output is active
[]|[]\OT1/cmr/bx/n/10.95 Gobierno
 []


Underfull \hbox (badness 2626) has occurred while \output is active
\OT1/cmr/bx/n/10.95 Re-gio-nal de
 []

File: H:/Gore Cusco/img/ima.png Graphic file (type png)
<use H:/Gore Cusco/img/ima.png>
Package pdftex.def Info: H:/Gore Cusco/img/ima.png  used on input line 179.
(pdftex.def)             Requested size: 36.98828pt x 54.05988pt.

Underfull \hbox (badness 1158) has occurred while \output is active
[]|\OT1/cmr/bx/n/10.95 Direcci^^Son de pro-yec-tos Am-
 []


Overfull \hbox (32.40503pt too wide) has occurred while \output is active
 [][] 
 []


Package fancyhdr Warning: \headheight is too small (113.81102pt): 
(fancyhdr)                Make it at least 122.05185pt, for example:
(fancyhdr)                \setlength{\headheight}{122.05185pt}.
(fancyhdr)                You might also make \topmargin smaller to compensate:

(fancyhdr)                \addtolength{\topmargin}{-8.24083pt}.

File: H:/Gore Cusco/img/firma.png Graphic file (type png)
<use H:/Gore Cusco/img/firma.png>
Package pdftex.def Info: H:/Gore Cusco/img/firma.png  used on input line 179.
(pdftex.def)             Requested size: 195.72777pt x 74.67767pt.

Package fancyhdr Warning: \footskip is too small (30.0pt): 
(fancyhdr)                Make it at least 79.02771pt, for example:
(fancyhdr)                \setlength{\footskip}{79.02771pt}.

[13 <./figure/nueve-1.pdf>]
<figure/doce-1.pdf, id=117, 361.35pt x 216.81pt>
File: figure/doce-1.pdf Graphic file (type pdf)
<use figure/doce-1.pdf>
Package pdftex.def Info: figure/doce-1.pdf  used on input line 187.
(pdftex.def)             Requested size: 361.34912pt x 216.80946pt.

Underfull \hbox (badness 10000) in paragraph at lines 180--190

 []

File: H:/Gore Cusco/img/peru.png Graphic file (type png)
<use H:/Gore Cusco/img/peru.png>
Package pdftex.def Info: H:/Gore Cusco/img/peru.png  used on input line 191.
(pdftex.def)             Requested size: 34.13623pt x 56.90189pt.
File: H:/Gore Cusco/img/gore.png Graphic file (type png)
<use H:/Gore Cusco/img/gore.png>
Package pdftex.def Info: H:/Gore Cusco/img/gore.png  used on input line 191.
(pdftex.def)             Requested size: 65.43718pt x 54.05951pt.

Underfull \hbox (badness 10000) has occurred while \output is active
[]|[]\OT1/cmr/bx/n/10.95 Gobierno
 []


Underfull \hbox (badness 2626) has occurred while \output is active
\OT1/cmr/bx/n/10.95 Re-gio-nal de
 []

File: H:/Gore Cusco/img/ima.png Graphic file (type png)
<use H:/Gore Cusco/img/ima.png>
Package pdftex.def Info: H:/Gore Cusco/img/ima.png  used on input line 191.
(pdftex.def)             Requested size: 36.98828pt x 54.05988pt.

Underfull \hbox (badness 1158) has occurred while \output is active
[]|\OT1/cmr/bx/n/10.95 Direcci^^Son de pro-yec-tos Am-
 []


Overfull \hbox (32.40503pt too wide) has occurred while \output is active
 [][] 
 []


Package fancyhdr Warning: \headheight is too small (113.81102pt): 
(fancyhdr)                Make it at least 122.05185pt, for example:
(fancyhdr)                \setlength{\headheight}{122.05185pt}.
(fancyhdr)                You might also make \topmargin smaller to compensate:

(fancyhdr)                \addtolength{\topmargin}{-8.24083pt}.

File: H:/Gore Cusco/img/firma.png Graphic file (type png)
<use H:/Gore Cusco/img/firma.png>
Package pdftex.def Info: H:/Gore Cusco/img/firma.png  used on input line 191.
(pdftex.def)             Requested size: 195.72777pt x 74.67767pt.

Package fancyhdr Warning: \footskip is too small (30.0pt): 
(fancyhdr)                Make it at least 79.02771pt, for example:
(fancyhdr)                \setlength{\footskip}{79.02771pt}.

[14 <./figure/once-1.pdf>]
<figure/one-1.pdf, id=126, 578.16pt x 361.35pt>
File: figure/one-1.pdf Graphic file (type pdf)
<use figure/one-1.pdf>
Package pdftex.def Info: figure/one-1.pdf  used on input line 196.
(pdftex.def)             Requested size: 528.93675pt x 330.60445pt.
File: H:/Gore Cusco/img/peru.png Graphic file (type png)
<use H:/Gore Cusco/img/peru.png>
Package pdftex.def Info: H:/Gore Cusco/img/peru.png  used on input line 200.
(pdftex.def)             Requested size: 34.13623pt x 56.90189pt.
File: H:/Gore Cusco/img/gore.png Graphic file (type png)
<use H:/Gore Cusco/img/gore.png>
Package pdftex.def Info: H:/Gore Cusco/img/gore.png  used on input line 200.
(pdftex.def)             Requested size: 65.43718pt x 54.05951pt.

Underfull \hbox (badness 10000) has occurred while \output is active
[]|[]\OT1/cmr/bx/n/10.95 Gobierno
 []


Underfull \hbox (badness 2626) has occurred while \output is active
\OT1/cmr/bx/n/10.95 Re-gio-nal de
 []

File: H:/Gore Cusco/img/ima.png Graphic file (type png)
<use H:/Gore Cusco/img/ima.png>
Package pdftex.def Info: H:/Gore Cusco/img/ima.png  used on input line 200.
(pdftex.def)             Requested size: 36.98828pt x 54.05988pt.

Underfull \hbox (badness 1158) has occurred while \output is active
[]|\OT1/cmr/bx/n/10.95 Direcci^^Son de pro-yec-tos Am-
 []


Overfull \hbox (32.40503pt too wide) has occurred while \output is active
 [][] 
 []


Package fancyhdr Warning: \headheight is too small (113.81102pt): 
(fancyhdr)                Make it at least 122.05185pt, for example:
(fancyhdr)                \setlength{\headheight}{122.05185pt}.
(fancyhdr)                You might also make \topmargin smaller to compensate:

(fancyhdr)                \addtolength{\topmargin}{-8.24083pt}.

File: H:/Gore Cusco/img/firma.png Graphic file (type png)
<use H:/Gore Cusco/img/firma.png>
Package pdftex.def Info: H:/Gore Cusco/img/firma.png  used on input line 200.
(pdftex.def)             Requested size: 195.72777pt x 74.67767pt.

Package fancyhdr Warning: \footskip is too small (30.0pt): 
(fancyhdr)                Make it at least 79.02771pt, for example:
(fancyhdr)                \setlength{\footskip}{79.02771pt}.

[15 <./figure/doce-1.pdf>]
<figure/two-1.pdf, id=135, 505.89pt x 216.81pt>
File: figure/two-1.pdf Graphic file (type pdf)
<use figure/two-1.pdf>
Package pdftex.def Info: figure/two-1.pdf  used on input line 207.
(pdftex.def)             Requested size: 505.88875pt x 216.81276pt.

Underfull \hbox (badness 10000) in paragraph at lines 200--210

 []

File: H:/Gore Cusco/img/peru.png Graphic file (type png)
<use H:/Gore Cusco/img/peru.png>
Package pdftex.def Info: H:/Gore Cusco/img/peru.png  used on input line 211.
(pdftex.def)             Requested size: 34.13623pt x 56.90189pt.
File: H:/Gore Cusco/img/gore.png Graphic file (type png)
<use H:/Gore Cusco/img/gore.png>
Package pdftex.def Info: H:/Gore Cusco/img/gore.png  used on input line 211.
(pdftex.def)             Requested size: 65.43718pt x 54.05951pt.

Underfull \hbox (badness 10000) has occurred while \output is active
[]|[]\OT1/cmr/bx/n/10.95 Gobierno
 []


Underfull \hbox (badness 2626) has occurred while \output is active
\OT1/cmr/bx/n/10.95 Re-gio-nal de
 []

File: H:/Gore Cusco/img/ima.png Graphic file (type png)
<use H:/Gore Cusco/img/ima.png>
Package pdftex.def Info: H:/Gore Cusco/img/ima.png  used on input line 211.
(pdftex.def)             Requested size: 36.98828pt x 54.05988pt.

Underfull \hbox (badness 1158) has occurred while \output is active
[]|\OT1/cmr/bx/n/10.95 Direcci^^Son de pro-yec-tos Am-
 []


Overfull \hbox (32.40503pt too wide) has occurred while \output is active
 [][] 
 []


Package fancyhdr Warning: \headheight is too small (113.81102pt): 
(fancyhdr)                Make it at least 122.05185pt, for example:
(fancyhdr)                \setlength{\headheight}{122.05185pt}.
(fancyhdr)                You might also make \topmargin smaller to compensate:

(fancyhdr)                \addtolength{\topmargin}{-8.24083pt}.

File: H:/Gore Cusco/img/firma.png Graphic file (type png)
<use H:/Gore Cusco/img/firma.png>
Package pdftex.def Info: H:/Gore Cusco/img/firma.png  used on input line 211.
(pdftex.def)             Requested size: 195.72777pt x 74.67767pt.

Package fancyhdr Warning: \footskip is too small (30.0pt): 
(fancyhdr)                Make it at least 79.02771pt, for example:
(fancyhdr)                \setlength{\footskip}{79.02771pt}.

[16 <./figure/one-1.pdf>]
<figure/three-1.pdf, id=144, 505.89pt x 361.35pt>
File: figure/three-1.pdf Graphic file (type pdf)
<use figure/three-1.pdf>
Package pdftex.def Info: figure/three-1.pdf  used on input line 216.
(pdftex.def)             Requested size: 505.88875pt x 361.35463pt.
File: H:/Gore Cusco/img/peru.png Graphic file (type png)
<use H:/Gore Cusco/img/peru.png>
Package pdftex.def Info: H:/Gore Cusco/img/peru.png  used on input line 220.
(pdftex.def)             Requested size: 34.13623pt x 56.90189pt.
File: H:/Gore Cusco/img/gore.png Graphic file (type png)
<use H:/Gore Cusco/img/gore.png>
Package pdftex.def Info: H:/Gore Cusco/img/gore.png  used on input line 220.
(pdftex.def)             Requested size: 65.43718pt x 54.05951pt.

Underfull \hbox (badness 10000) has occurred while \output is active
[]|[]\OT1/cmr/bx/n/10.95 Gobierno
 []


Underfull \hbox (badness 2626) has occurred while \output is active
\OT1/cmr/bx/n/10.95 Re-gio-nal de
 []

File: H:/Gore Cusco/img/ima.png Graphic file (type png)
<use H:/Gore Cusco/img/ima.png>
Package pdftex.def Info: H:/Gore Cusco/img/ima.png  used on input line 220.
(pdftex.def)             Requested size: 36.98828pt x 54.05988pt.

Underfull \hbox (badness 1158) has occurred while \output is active
[]|\OT1/cmr/bx/n/10.95 Direcci^^Son de pro-yec-tos Am-
 []


Overfull \hbox (32.40503pt too wide) has occurred while \output is active
 [][] 
 []


Package fancyhdr Warning: \headheight is too small (113.81102pt): 
(fancyhdr)                Make it at least 122.05185pt, for example:
(fancyhdr)                \setlength{\headheight}{122.05185pt}.
(fancyhdr)                You might also make \topmargin smaller to compensate:

(fancyhdr)                \addtolength{\topmargin}{-8.24083pt}.

File: H:/Gore Cusco/img/firma.png Graphic file (type png)
<use H:/Gore Cusco/img/firma.png>
Package pdftex.def Info: H:/Gore Cusco/img/firma.png  used on input line 220.
(pdftex.def)             Requested size: 195.72777pt x 74.67767pt.

Package fancyhdr Warning: \footskip is too small (30.0pt): 
(fancyhdr)                Make it at least 79.02771pt, for example:
(fancyhdr)                \setlength{\footskip}{79.02771pt}.

[17 <./figure/two-1.pdf>]
Underfull \hbox (badness 10000) in paragraph at lines 220--222

 []


Underfull \hbox (badness 10000) in paragraph at lines 220--222

 []

<figure/four-1.pdf, id=153, 578.16pt x 361.35pt>
File: figure/four-1.pdf Graphic file (type pdf)
<use figure/four-1.pdf>
Package pdftex.def Info: figure/four-1.pdf  used on input line 228.
(pdftex.def)             Requested size: 528.93675pt x 330.60445pt.
File: H:/Gore Cusco/img/peru.png Graphic file (type png)
<use H:/Gore Cusco/img/peru.png>
Package pdftex.def Info: H:/Gore Cusco/img/peru.png  used on input line 232.
(pdftex.def)             Requested size: 34.13623pt x 56.90189pt.
File: H:/Gore Cusco/img/gore.png Graphic file (type png)
<use H:/Gore Cusco/img/gore.png>
Package pdftex.def Info: H:/Gore Cusco/img/gore.png  used on input line 232.
(pdftex.def)             Requested size: 65.43718pt x 54.05951pt.

Underfull \hbox (badness 10000) has occurred while \output is active
[]|[]\OT1/cmr/bx/n/10.95 Gobierno
 []


Underfull \hbox (badness 2626) has occurred while \output is active
\OT1/cmr/bx/n/10.95 Re-gio-nal de
 []

File: H:/Gore Cusco/img/ima.png Graphic file (type png)
<use H:/Gore Cusco/img/ima.png>
Package pdftex.def Info: H:/Gore Cusco/img/ima.png  used on input line 232.
(pdftex.def)             Requested size: 36.98828pt x 54.05988pt.

Underfull \hbox (badness 1158) has occurred while \output is active
[]|\OT1/cmr/bx/n/10.95 Direcci^^Son de pro-yec-tos Am-
 []


Overfull \hbox (32.40503pt too wide) has occurred while \output is active
 [][] 
 []


Package fancyhdr Warning: \headheight is too small (113.81102pt): 
(fancyhdr)                Make it at least 122.05185pt, for example:
(fancyhdr)                \setlength{\headheight}{122.05185pt}.
(fancyhdr)                You might also make \topmargin smaller to compensate:

(fancyhdr)                \addtolength{\topmargin}{-8.24083pt}.

File: H:/Gore Cusco/img/firma.png Graphic file (type png)
<use H:/Gore Cusco/img/firma.png>
Package pdftex.def Info: H:/Gore Cusco/img/firma.png  used on input line 232.
(pdftex.def)             Requested size: 195.72777pt x 74.67767pt.

Package fancyhdr Warning: \footskip is too small (30.0pt): 
(fancyhdr)                Make it at least 79.02771pt, for example:
(fancyhdr)                \setlength{\footskip}{79.02771pt}.

[18 <./figure/three-1.pdf>]
<figure/five-1.pdf, id=163, 578.16pt x 361.35pt>
File: figure/five-1.pdf Graphic file (type pdf)
<use figure/five-1.pdf>
Package pdftex.def Info: figure/five-1.pdf  used on input line 239.
(pdftex.def)             Requested size: 528.93675pt x 330.60445pt.

Underfull \hbox (badness 10000) in paragraph at lines 232--242

 []

File: H:/Gore Cusco/img/peru.png Graphic file (type png)
<use H:/Gore Cusco/img/peru.png>
Package pdftex.def Info: H:/Gore Cusco/img/peru.png  used on input line 243.
(pdftex.def)             Requested size: 34.13623pt x 56.90189pt.
File: H:/Gore Cusco/img/gore.png Graphic file (type png)
<use H:/Gore Cusco/img/gore.png>
Package pdftex.def Info: H:/Gore Cusco/img/gore.png  used on input line 243.
(pdftex.def)             Requested size: 65.43718pt x 54.05951pt.

Underfull \hbox (badness 10000) has occurred while \output is active
[]|[]\OT1/cmr/bx/n/10.95 Gobierno
 []


Underfull \hbox (badness 2626) has occurred while \output is active
\OT1/cmr/bx/n/10.95 Re-gio-nal de
 []

File: H:/Gore Cusco/img/ima.png Graphic file (type png)
<use H:/Gore Cusco/img/ima.png>
Package pdftex.def Info: H:/Gore Cusco/img/ima.png  used on input line 243.
(pdftex.def)             Requested size: 36.98828pt x 54.05988pt.

Underfull \hbox (badness 1158) has occurred while \output is active
[]|\OT1/cmr/bx/n/10.95 Direcci^^Son de pro-yec-tos Am-
 []


Overfull \hbox (32.40503pt too wide) has occurred while \output is active
 [][] 
 []


Package fancyhdr Warning: \headheight is too small (113.81102pt): 
(fancyhdr)                Make it at least 122.05185pt, for example:
(fancyhdr)                \setlength{\headheight}{122.05185pt}.
(fancyhdr)                You might also make \topmargin smaller to compensate:

(fancyhdr)                \addtolength{\topmargin}{-8.24083pt}.

File: H:/Gore Cusco/img/firma.png Graphic file (type png)
<use H:/Gore Cusco/img/firma.png>
Package pdftex.def Info: H:/Gore Cusco/img/firma.png  used on input line 243.
(pdftex.def)             Requested size: 195.72777pt x 74.67767pt.

Package fancyhdr Warning: \footskip is too small (30.0pt): 
(fancyhdr)                Make it at least 79.02771pt, for example:
(fancyhdr)                \setlength{\footskip}{79.02771pt}.

[19 <./figure/four-1.pdf>]
<figure/six-1.pdf, id=172, 578.16pt x 289.08pt>
File: figure/six-1.pdf Graphic file (type pdf)
<use figure/six-1.pdf>
Package pdftex.def Info: figure/six-1.pdf  used on input line 248.
(pdftex.def)             Requested size: 528.9367